
 --------- R U N  PARAMETERS ----------
 ... Changeset ID                   ...
 ... Nonlinear Dynamics/Quasistatics... 
 ... Parallel processing: Launching 96 MPI processes ...
 ... Reading CPU Map from file ../../data_1/OUTPUT.96cpu, numCPU = 96 ... 
ZOLTAN Load balancing method = 3 (RCB)
 ... Diagonal Solver is Selected    ... 
 **************************************
 CONDITIONALLY STABLE NEWMARK ALGORITHM 
 --------------------------------------
 Specified time step      = 1.0000e-08
 Stability max. time step = 4.8946e-06
 Element with min. time step =  285173
 **************************************
 Stability max. time step is selected
 **************************************
 ... Exp. Central Difference Method ...
 ... i.e. β = 0, γ = ½, αf = αm = 0 ...
 ⌈[33m Time Integration Loop In Progress: [0m⌉
 ⌊[33m   t = 0.000e+00 Δt = 4.89e-06 100% [0m⌋

 --------- PROBLEM PARAMETERS ---------
 ... # Nodes              =  182554 ...
 ... # Elements           =  339184 ...
 ... # Unconstrained dofs = 1095318 ...
 ... # Constrained dofs   =       6 ...
 ... Total # dofs         = 1095324 ...
 ... # Output Files       =       4 ...
 --------------------------------------
 --------------------------------------
 ... Total Time           = 1.92e+01 s
 ... Total Memory Used    = 1.32e+05 Mb
 --------------------------------------
